<?xml version="1.0" encoding="UTF-8"?>
<testsuite xmlns:xsi="http://www.w3.org/2001/XMLSchema-instance" xsi:noNamespaceSchemaLocation="https://maven.apache.org/surefire/maven-surefire-plugin/xsd/surefire-test-report-3.0.xsd" version="3.0" name="spl.lae.LinearAlgebraEngineTestLiya" time="0.118" tests="27" errors="0" skipped="0" failures="1">
  <properties>
[...]
</properties>
  <testcase name="testConstructor_SingleThread_CreatesEngine" classname="spl.lae.LinearAlgebraEngineTestLiya" time="0.024"/>
  <testcase name="testTranspose_2x2Matrix_TransposesCorrectly" classname="spl.lae.LinearAlgebraEngineTestLiya" time="0.007"/>
  <testcase name="testConstructor_ZeroThreads_ThrowsException" classname="spl.lae.LinearAlgebraEngineTestLiya" time="0.002"/>
  <testcase name="testRun_SimpleAddition_ReturnsResolvedNode" classname="spl.lae.LinearAlgebraEngineTestLiya" time="0.001"/>
  <testcase name="testNegate_TwoChildren_ThrowsException" classname="spl.lae.LinearAlgebraEngineTestLiya" time="0.002"/>
  <testcase name="testTranspose_3x2Matrix_TransposesCorrectly" classname="spl.lae.LinearAlgebraEngineTestLiya" time="0.001"/>
  <testcase name="testConstructor_NegativeThreads_ThrowsException" classname="spl.lae.LinearAlgebraEngineTestLiya" time="0.003"/>
  <testcase name="testTwoIndependentEngines_WorkCorrectly" classname="spl.lae.LinearAlgebraEngineTestLiya" time="0.003"/>
  <testcase name="testMultiply_CorrectMultiplication_2x2Matrices" classname="spl.lae.LinearAlgebraEngineTestLiya" time="0.002"/>
  <testcase name="testAdd_CorrectAddition_2x2Matrices" classname="spl.lae.LinearAlgebraEngineTestLiya" time="0.001"/>
  <testcase name="testRun_ShutsDownExecutor_AfterCompletion" classname="spl.lae.LinearAlgebraEngineTestLiya" time="0.005"/>
  <testcase name="testAdd_LessThanTwoChildren_ThrowsException" classname="spl.lae.LinearAlgebraEngineTestLiya" time="0.003"/>
  <testcase name="testMultiply_LessThanTwoChildren_ThrowsException" classname="spl.lae.LinearAlgebraEngineTestLiya" time="0.001"/>
  <testcase name="testTranspose_ZeroChildren_ThrowsException" classname="spl.lae.LinearAlgebraEngineTestLiya" time="0.002"/>
  <testcase name="testAdd_CorrectAddition_3x3Matrices" classname="spl.lae.LinearAlgebraEngineTestLiya" time="0.001"/>
  <testcase name="testMixedOperations_AddThenMultiply_ReturnsCorrectResult" classname="spl.lae.LinearAlgebraEngineTestLiya" time="0.003"/>
  <testcase name="testRun_NestedExpression_ResolvesCorrectly" classname="spl.lae.LinearAlgebraEngineTestLiya" time="0.002"/>
  <testcase name="testNegate_MixedValues_NegatesCorrectly" classname="spl.lae.LinearAlgebraEngineTestLiya" time="0.003"/>
  <testcase name="testTranspose_TwoChildren_ThrowsException" classname="spl.lae.LinearAlgebraEngineTestLiya" time="0.002"/>
  <testcase name="testNegate_ZeroChildren_ThrowsException" classname="spl.lae.LinearAlgebraEngineTestLiya" time="0.002"/>
  <testcase name="testRun_SimpleMultiplication_ReturnsCorrectResult" classname="spl.lae.LinearAlgebraEngineTestLiya" time="0.001"/>
  <testcase name="testGetWorkerReport_ReturnsNonEmptyString" classname="spl.lae.LinearAlgebraEngineTestLiya" time="0.002"/>
  <testcase name="testRun_NullComputationRoot_ThrowsException" classname="spl.lae.LinearAlgebraEngineTestLiya" time="0.002"/>
  <testcase name="testNegate_PositiveValues_BecomesNegative" classname="spl.lae.LinearAlgebraEngineTestLiya" time="0.001"/>
  <testcase name="testConstructor_ValidThreadCount_CreatesEngine" classname="spl.lae.LinearAlgebraEngineTestLiya" time="0.001"/>
  <testcase name="testGetWorkerReport_ContainsWorkerInfo" classname="spl.lae.LinearAlgebraEngineTestLiya" time="0.007">
    <failure message="expected: &lt;true&gt; but was: &lt;false&gt;" type="org.opentest4j.AssertionFailedError"><![CDATA[org.opentest4j.AssertionFailedError: expected: <true> but was: <false>
	at org.junit.jupiter.api.AssertionFailureBuilder.build(AssertionFailureBuilder.java:151)
	at org.junit.jupiter.api.AssertionFailureBuilder.buildAndThrow(AssertionFailureBuilder.java:132)
	at org.junit.jupiter.api.AssertTrue.failNotTrue(AssertTrue.java:63)
	at org.junit.jupiter.api.AssertTrue.assertTrue(AssertTrue.java:36)
	at org.junit.jupiter.api.AssertTrue.assertTrue(AssertTrue.java:31)
	at org.junit.jupiter.api.Assertions.assertTrue(Assertions.java:183)
	at spl.lae.LinearAlgebraEngineTestLiya.testGetWorkerReport_ContainsWorkerInfo(LinearAlgebraEngineTestLiya.java:398)
	at java.base/java.lang.reflect.Method.invoke(Method.java:565)
	at java.base/java.util.ArrayList.forEach(ArrayList.java:1604)
	at java.base/java.util.ArrayList.forEach(ArrayList.java:1604)
]]></failure>
  </testcase>
  <testcase name="testMultiply_IdentityMatrix_ReturnsOriginal" classname="spl.lae.LinearAlgebraEngineTestLiya" time="0.001"/>
</testsuite>