<?xml version="1.0" encoding="UTF-8"?>
<testsuite xmlns:xsi="http://www.w3.org/2001/XMLSchema-instance" xsi:noNamespaceSchemaLocation="https://maven.apache.org/surefire/maven-surefire-plugin/xsd/surefire-test-report-3.0.xsd" version="3.0" name="scheduling.TiredExecutorTest" time="0.693" tests="12" errors="0" skipped="0" failures="0">
  <properties>
[...]
</properties>
  <testcase name="testSubmitAllNullThrowsException" classname="scheduling.TiredExecutorTest" time="0.031"/>
  <testcase name="testSubmitExecutesTaskOnce" classname="scheduling.TiredExecutorTest" time="0.004"/>
  <testcase name="testMultipleSubmitAllCalls" classname="scheduling.TiredExecutorTest" time="0.003"/>
  <testcase name="testSubmitAllBlocksUntilCompletion" classname="scheduling.TiredExecutorTest" time="0.511"/>
  <testcase name="testSubmitManyTasksNoDuplicatesNoDeadlock" classname="scheduling.TiredExecutorTest" time="0.017"/>
  <testcase name="testShutdownCompletesAndJoinsWorkers" classname="scheduling.TiredExecutorTest" time="0.008"/>
  <testcase name="testSubmitAllWithEmptyList" classname="scheduling.TiredExecutorTest" time="0.006"/>
  <testcase name="testGetWorkerReportBasicSanity" classname="scheduling.TiredExecutorTest" time="0.018"/>
  <testcase name="testConstructorRejectsNonPositiveThreads" classname="scheduling.TiredExecutorTest" time="0.005"/>
  <testcase name="testExceptionInTaskDoesNotDeadlockSubmitAll" classname="scheduling.TiredExecutorTest" time="0.011">
    <system-err><![CDATA[Exception in thread "FF=0.64" java.lang.RuntimeException: Deliberate exception in task 5
	at scheduling.TiredExecutorTest.lambda$10(TiredExecutorTest.java:224)
	at scheduling.TiredExecutor.lambda$submit$0(TiredExecutor.java:47)
	at scheduling.TiredThread.run(TiredThread.java:112)
]]></system-err>
  </testcase>
  <testcase name="testSubmitNullThrowsException" classname="scheduling.TiredExecutorTest" time="0.006"/>
  <testcase name="testConcurrentSubmitAndSubmitAll" classname="scheduling.TiredExecutorTest" time="0.011"/>
</testsuite>