<?xml version="1.0" encoding="UTF-8"?>
<testsuite xmlns:xsi="http://www.w3.org/2001/XMLSchema-instance" xsi:noNamespaceSchemaLocation="https://maven.apache.org/surefire/maven-surefire-plugin/xsd/surefire-test-report-3.0.xsd" version="3.0" name="spl.lae.LinearAlgebraEngineTest" time="8.506" tests="25" errors="2" skipped="0" failures="0">
  <properties>
[...]
</properties>
  <testcase name="testMultipleSequentialOperations" classname="spl.lae.LinearAlgebraEngineTest" time="3.077">
    <error message="testMultipleSequentialOperations() timed out after 3 seconds" type="java.util.concurrent.TimeoutException"><![CDATA[java.util.concurrent.TimeoutException: testMultipleSequentialOperations() timed out after 3 seconds
	at java.base/java.util.ArrayList.forEach(ArrayList.java:1604)
	at java.base/java.util.ArrayList.forEach(ArrayList.java:1604)
	Suppressed: java.lang.IllegalStateException: submit interrupted
		at scheduling.TiredExecutor.submit(TiredExecutor.java:40)
		at scheduling.TiredExecutor.submitAll(TiredExecutor.java:81)
		at spl.lae.LinearAlgebraEngine.loadAndCompute(LinearAlgebraEngine.java:60)
		at spl.lae.LinearAlgebraEngine.run(LinearAlgebraEngine.java:27)
		at spl.lae.LinearAlgebraEngineTest.testMultipleSequentialOperations(LinearAlgebraEngineTest.java:325)
		at java.base/java.lang.reflect.Method.invoke(Method.java:565)
		... 2 more
	Caused by: java.lang.InterruptedException
		at java.base/java.util.concurrent.locks.AbstractQueuedSynchronizer$ConditionObject.await(AbstractQueuedSynchronizer.java:1767)
		at java.base/java.util.concurrent.PriorityBlockingQueue.take(PriorityBlockingQueue.java:536)
		at scheduling.TiredExecutor.submit(TiredExecutor.java:37)
		... 7 more
]]></error>
  </testcase>
  <testcase name="testComplexCasesFromJson(String)[1]" classname="spl.lae.LinearAlgebraEngineTest" time="0.072"/>
  <testcase name="testComplexCasesFromJson(String)[2]" classname="spl.lae.LinearAlgebraEngineTest" time="0.015"/>
  <testcase name="testComplexCasesFromJson(String)[3]" classname="spl.lae.LinearAlgebraEngineTest" time="0.01"/>
  <testcase name="testComplexCasesFromJson(String)[4]" classname="spl.lae.LinearAlgebraEngineTest" time="0.015"/>
  <testcase name="testComplexCasesFromJson(String)[5]" classname="spl.lae.LinearAlgebraEngineTest" time="0.011"/>
  <testcase name="testComplexCasesFromJson(String)[6]" classname="spl.lae.LinearAlgebraEngineTest" time="0.013"/>
  <testcase name="testUtilization_FatigueIncreasesWithWork" classname="spl.lae.LinearAlgebraEngineTest" time="0.01"/>
  <testcase name="testGetWorkerReportSanity" classname="spl.lae.LinearAlgebraEngineTest" time="0.006"/>
  <testcase name="testManyThreadsExecution" classname="spl.lae.LinearAlgebraEngineTest" time="0.008"/>
  <testcase name="testUtilization_BalancedLoadDistribution" classname="spl.lae.LinearAlgebraEngineTest" time="0.013"/>
  <testcase name="testLoadAndComputeNullNode" classname="spl.lae.LinearAlgebraEngineTest" time="0.005"/>
  <testcase name="testBasicOperationsFromJson(String)[1]" classname="spl.lae.LinearAlgebraEngineTest" time="0.011"/>
  <testcase name="testBasicOperationsFromJson(String)[2]" classname="spl.lae.LinearAlgebraEngineTest" time="0.008"/>
  <testcase name="testBasicOperationsFromJson(String)[3]" classname="spl.lae.LinearAlgebraEngineTest" time="0.011"/>
  <testcase name="testBasicOperationsFromJson(String)[4]" classname="spl.lae.LinearAlgebraEngineTest" time="0.009"/>
  <testcase name="testUtilization_UsedTimeAccumulates" classname="spl.lae.LinearAlgebraEngineTest" time="5.007">
    <error message="testUtilization_UsedTimeAccumulates() timed out after 5 seconds" type="java.util.concurrent.TimeoutException"><![CDATA[java.util.concurrent.TimeoutException: testUtilization_UsedTimeAccumulates() timed out after 5 seconds
	at java.base/java.util.ArrayList.forEach(ArrayList.java:1604)
	at java.base/java.util.ArrayList.forEach(ArrayList.java:1604)
	Suppressed: java.lang.IllegalStateException: submit interrupted
		at scheduling.TiredExecutor.submit(TiredExecutor.java:40)
		at scheduling.TiredExecutor.submitAll(TiredExecutor.java:81)
		at spl.lae.LinearAlgebraEngine.loadAndCompute(LinearAlgebraEngine.java:72)
		at spl.lae.LinearAlgebraEngine.run(LinearAlgebraEngine.java:27)
		at spl.lae.LinearAlgebraEngineTest.testUtilization_UsedTimeAccumulates(LinearAlgebraEngineTest.java:518)
		at java.base/java.lang.reflect.Method.invoke(Method.java:565)
		... 2 more
	Caused by: java.lang.InterruptedException
		at java.base/java.util.concurrent.locks.AbstractQueuedSynchronizer$ConditionObject.await(AbstractQueuedSynchronizer.java:1767)
		at java.base/java.util.concurrent.PriorityBlockingQueue.take(PriorityBlockingQueue.java:536)
		at scheduling.TiredExecutor.submit(TiredExecutor.java:37)
		... 7 more
]]></error>
  </testcase>
  <testcase name="testNoDeadlock" classname="spl.lae.LinearAlgebraEngineTest" time="0.004"/>
  <testcase name="testDimensionMismatch(ComputationNodeType, double[][], double[][], String)[1]" classname="spl.lae.LinearAlgebraEngineTest" time="0.011"/>
  <testcase name="testDimensionMismatch(ComputationNodeType, double[][], double[][], String)[2]" classname="spl.lae.LinearAlgebraEngineTest" time="0.001"/>
  <testcase name="testUtilization_ReportFormatConsistency" classname="spl.lae.LinearAlgebraEngineTest" time="0.006"/>
  <testcase name="testUtilization_AllWorkersParticipate" classname="spl.lae.LinearAlgebraEngineTest" time="0.004"/>
  <testcase name="testComplexComputationTree" classname="spl.lae.LinearAlgebraEngineTest" time="0.003"/>
  <testcase name="testSingleThreadedExecution" classname="spl.lae.LinearAlgebraEngineTest" time="0.003"/>
  <testcase name="testUtilization_BusyStateTransitions" classname="spl.lae.LinearAlgebraEngineTest" time="0.002"/>
</testsuite>